<?xml version="1.0" encoding="UTF-8"?>
<!-- Generated by org.testng.reporters.JUnitXMLReporter -->
<testsuite ignored="0" hostname="LAPTOP-6L50N0K4" failures="0" tests="4" name="Test" time="82.214" errors="0" timestamp="2023-08-27T18:35:59 IST">
  <testcase classname="com.RestAssured.com_Site" name="Get_002" time="57.323"/>
  <testcase classname="com.RestAssured.com_Site" name="Delete" time="57.347"/>
  <testcase classname="com.RestAssured.com_Site" name="GET_tc001" time="60.206"/>
  <testcase classname="com.RestAssured.com_Site" name="Post" time="69.817"/>
</testsuite> <!-- Test -->
