<?xml version="1.0" encoding="UTF-8"?>
<testng-results ignored="0" total="4" passed="4" failed="0" skipped="0">
  <reporter-output>
  </reporter-output>
  <suite started-at="2023-08-30T08:52:09 IST" name="Default suite" finished-at="2023-08-30T08:52:33 IST" duration-ms="24148">
    <groups>
    </groups>
    <test started-at="2023-08-30T08:52:09 IST" name="Default test" finished-at="2023-08-30T08:52:33 IST" duration-ms="24148">
      <class name="com.RestAssured.com_Site">
        <test-method is-config="true" signature="setUp()[pri:0, instance:com.RestAssured.com_Site@55b7a4e0]" started-at="2023-08-30T08:52:09 IST" name="setUp" finished-at="2023-08-30T08:52:13 IST" duration-ms="3673" status="PASS">
          <reporter-output>
          </reporter-output>
        </test-method> <!-- setUp -->
        <test-method signature="GET_tc001()[pri:1, instance:com.RestAssured.com_Site@55b7a4e0]" started-at="2023-08-30T08:52:13 IST" name="GET_tc001" finished-at="2023-08-30T08:52:29 IST" duration-ms="15715" status="PASS">
          <reporter-output>
          </reporter-output>
        </test-method> <!-- GET_tc001 -->
        <test-method is-config="true" signature="setUp()[pri:0, instance:com.RestAssured.com_Site@55b7a4e0]" started-at="2023-08-30T08:52:29 IST" name="setUp" finished-at="2023-08-30T08:52:29 IST" duration-ms="1" status="PASS">
          <reporter-output>
          </reporter-output>
        </test-method> <!-- setUp -->
        <test-method signature="Post()[pri:2, instance:com.RestAssured.com_Site@55b7a4e0]" started-at="2023-08-30T08:52:29 IST" name="Post" finished-at="2023-08-30T08:52:31 IST" duration-ms="2077" status="PASS">
          <reporter-output>
          </reporter-output>
        </test-method> <!-- Post -->
        <test-method is-config="true" signature="setUp()[pri:0, instance:com.RestAssured.com_Site@55b7a4e0]" started-at="2023-08-30T08:52:31 IST" name="setUp" finished-at="2023-08-30T08:52:31 IST" duration-ms="8" status="PASS">
          <reporter-output>
          </reporter-output>
        </test-method> <!-- setUp -->
        <test-method signature="Get_002()[pri:3, instance:com.RestAssured.com_Site@55b7a4e0]" started-at="2023-08-30T08:52:31 IST" name="Get_002" finished-at="2023-08-30T08:52:32 IST" duration-ms="1206" status="PASS">
          <reporter-output>
          </reporter-output>
        </test-method> <!-- Get_002 -->
        <test-method is-config="true" signature="setUp()[pri:0, instance:com.RestAssured.com_Site@55b7a4e0]" started-at="2023-08-30T08:52:32 IST" name="setUp" finished-at="2023-08-30T08:52:32 IST" duration-ms="0" status="PASS">
          <reporter-output>
          </reporter-output>
        </test-method> <!-- setUp -->
        <test-method signature="Delete()[pri:4, instance:com.RestAssured.com_Site@55b7a4e0]" started-at="2023-08-30T08:52:32 IST" name="Delete" finished-at="2023-08-30T08:52:33 IST" duration-ms="1005" status="PASS">
          <reporter-output>
          </reporter-output>
        </test-method> <!-- Delete -->
      </class> <!-- com.RestAssured.com_Site -->
    </test> <!-- Default test -->
  </suite> <!-- Default suite -->
</testng-results>
