<?xml version="1.0" encoding="UTF-8"?>
<!-- Generated by org.testng.reporters.JUnitXMLReporter -->
<testsuite ignored="3" hostname="LAPTOP-6L50N0K4" failures="0" tests="1" name="Default test" time="19.703" errors="0" timestamp="2023-08-29T20:42:01 IST">
  <testcase classname="com.RestAssured.com_Site" name="GET_tc001" time="15.152"/>
  <testcase classname="com.RestAssured.com_Site" name="Delete" time="0.0">
    <ignored/>
  </testcase> <!-- Delete -->
  <testcase classname="com.RestAssured.com_Site" name="Post" time="0.0">
    <ignored/>
  </testcase> <!-- Post -->
  <testcase classname="com.RestAssured.com_Site" name="Get_002" time="0.0">
    <ignored/>
  </testcase> <!-- Get_002 -->
</testsuite> <!-- Default test -->
