<?xml version="1.0" encoding="UTF-8"?>
<!-- Generated by org.testng.reporters.JUnitXMLReporter -->
<testsuite ignored="0" hostname="LAPTOP-6L50N0K4" failures="0" tests="4" name="Default test" time="24.148" errors="0" timestamp="2023-08-30T08:52:34 IST">
  <testcase classname="com.RestAssured.com_Site" name="GET_tc001" time="15.715"/>
  <testcase classname="com.RestAssured.com_Site" name="Post" time="2.077"/>
  <testcase classname="com.RestAssured.com_Site" name="Get_002" time="1.206"/>
  <testcase classname="com.RestAssured.com_Site" name="Delete" time="1.005"/>
</testsuite> <!-- Default test -->
